H:\OOP\BOOLVECTOR\BOOLVECTOR\DEBUG\BOOLVECTOR.OBJ
H:\OOP\BOOLVECTOR\BOOLVECTOR\DEBUG\MAIN.OBJ
H:\OOP\BOOLVECTOR\BOOLVECTOR\DEBUG\VC110.PDB
H:\OOP\BOOLVECTOR\DEBUG\BOOLVECTOR.ILK
H:\OOP\BOOLVECTOR\DEBUG\BOOLVECTOR.EXE
H:\OOP\BOOLVECTOR\DEBUG\BOOLVECTOR.PDB
H:\oop\boolvector\boolvector\Debug\BoolVector.obj
H:\oop\boolvector\boolvector\Debug\main.obj
H:\oop\boolvector\boolvector\Debug\cl.command.1.tlog
H:\oop\boolvector\boolvector\Debug\CL.read.1.tlog
H:\oop\boolvector\boolvector\Debug\CL.write.1.tlog
H:\oop\boolvector\boolvector\Debug\link-cvtres.read.1.tlog
H:\oop\boolvector\boolvector\Debug\link-cvtres.write.1.tlog
H:\oop\boolvector\boolvector\Debug\link-rc.read.1.tlog
H:\oop\boolvector\boolvector\Debug\link-rc.write.1.tlog
H:\oop\boolvector\boolvector\Debug\link.command.1.tlog
H:\oop\boolvector\boolvector\Debug\link.read.1.tlog
H:\oop\boolvector\boolvector\Debug\link.write.1.tlog
H:\oop\boolvector\boolvector\Debug\vc110.idb
H:\oop\boolvector\boolvector\Debug\vc110.pdb
H:\oop\boolvector\Debug\boolvector.pdb
H:\oop\boolvector\Debug\boolvector.exe
H:\oop\boolvector\Debug\boolvector.ilk
